<?xml version="1.0" encoding="UTF-8"?>
<!-- Generated by org.testng.reporters.JUnitReportReporter -->
<testsuite hostname="LTIN237719" failures="0" tests="1" name="testcases.Tc1_city" time="8.345" errors="0" timestamp="2024-03-29T15:46:14 IST" skipped="0">
  <testcase classname="testcases.Tc1_city" name="f" time="8.345"/>
  <system-out/>
</testsuite> <!-- testcases.Tc1_city -->
