<?xml version="1.0" encoding="UTF-8"?>
<!-- Generated by org.testng.reporters.JUnitReportReporter -->
<testsuite hostname="LTIN237719" failures="0" tests="5" name="testcases.Tc4_clickSignin" time="21.364" errors="0" timestamp="2024-03-29T15:46:14 IST" skipped="0">
  <testcase classname="testcases.Tc4_clickSignin" name="test1" time="0.085"/>
  <system-out/>
  <testcase classname="testcases.Tc4_clickSignin" name="test2" time="10.198"/>
  <system-out/>
  <testcase classname="testcases.Tc4_clickSignin" name="test3" time="5.324"/>
  <system-out/>
  <testcase classname="testcases.Tc4_clickSignin" name="test4" time="5.604"/>
  <system-out/>
  <testcase classname="testcases.Tc4_clickSignin" name="test5" time="0.153"/>
  <system-out/>
</testsuite> <!-- testcases.Tc4_clickSignin -->
