<?xml version="1.0" encoding="UTF-8"?>
<!-- Generated by org.testng.reporters.JUnitReportReporter -->
<testsuite hostname="LTIN237719" failures="0" tests="2" name="testcases.Tc3_movies" time="8.285" errors="0" timestamp="2024-03-29T15:46:14 IST" skipped="0">
  <testcase classname="testcases.Tc3_movies" name="test1" time="8.158"/>
  <system-out/>
  <testcase classname="testcases.Tc3_movies" name="test2" time="0.127"/>
  <system-out/>
</testsuite> <!-- testcases.Tc3_movies -->
