<?xml version="1.0" encoding="UTF-8"?>
<!-- Generated by org.testng.reporters.JUnitReportReporter -->
<testsuite hostname="LTIN237719" failures="0" tests="2" name="testcases.Tc3_movies" time="14.070" errors="0" timestamp="2024-04-02T12:18:11 IST" skipped="0">
  <testcase classname="testcases.Tc3_movies" name="test1" time="8.355"/>
  <system-out/>
  <testcase classname="testcases.Tc3_movies" name="test2" time="5.715"/>
  <system-out/>
</testsuite> <!-- testcases.Tc3_movies -->
