<?xml version="1.0" encoding="UTF-8"?>
<!-- Generated by org.testng.reporters.JUnitReportReporter -->
<testsuite hostname="LTIN237719" failures="0" tests="1" name="testcases.Tc2_clicksports" time="0.107" errors="0" timestamp="2024-03-29T15:46:14 IST" skipped="0">
  <testcase classname="testcases.Tc2_clicksports" name="f" time="0.107"/>
  <system-out/>
</testsuite> <!-- testcases.Tc2_clicksports -->
