<?xml version="1.0" encoding="UTF-8"?>
<!-- Generated by org.testng.reporters.JUnitReportReporter -->
<testsuite hostname="LTIN237719" failures="0" tests="3" name="day1.test1" time="0.029" errors="0" timestamp="2024-02-29T16:45:14 IST" skipped="0">
  <testcase classname="day1.test1" name="test_launch_webapplication" time="0.024"/>
  <system-out/>
  <testcase classname="day1.test1" name="test_registration" time="0.003"/>
  <system-out/>
  <testcase classname="day1.test1" name="test_login" time="0.002"/>
  <system-out/>
</testsuite> <!-- day1.test1 -->
