<?xml version="1.0" encoding="UTF-8"?>
<!-- Generated by org.testng.reporters.JUnitReportReporter -->
<testsuite hostname="LTIN237719" failures="0" tests="1" name="testcases.Tc2_clicksports" time="11.488" errors="0" timestamp="2024-04-02T12:18:11 IST" skipped="0">
  <testcase classname="testcases.Tc2_clicksports" name="f" time="11.488"/>
  <system-out/>
</testsuite> <!-- testcases.Tc2_clicksports -->
