<?xml version="1.0" encoding="UTF-8"?>
<!-- Generated by org.testng.reporters.JUnitReportReporter -->
<testsuite hostname="LTIN237719" failures="0" tests="1" name="testcases.Tc1_city" time="8.698" errors="0" timestamp="2024-04-02T12:18:11 IST" skipped="0">
  <testcase classname="testcases.Tc1_city" name="f" time="8.698"/>
  <system-out/>
</testsuite> <!-- testcases.Tc1_city -->
