<?xml version="1.0" encoding="UTF-8"?>
<!-- Generated by org.testng.reporters.JUnitReportReporter -->
<testsuite hostname="LTIN237719" failures="0" tests="5" name="testcases.Tc4_clickSignin" time="25.604" errors="0" timestamp="2024-04-02T12:18:11 IST" skipped="0">
  <testcase classname="testcases.Tc4_clickSignin" name="test1" time="0.211"/>
  <system-out/>
  <testcase classname="testcases.Tc4_clickSignin" name="test2" time="10.443"/>
  <system-out/>
  <testcase classname="testcases.Tc4_clickSignin" name="test3" time="5.652"/>
  <system-out/>
  <testcase classname="testcases.Tc4_clickSignin" name="test4" time="9.065"/>
  <system-out/>
  <testcase classname="testcases.Tc4_clickSignin" name="test5" time="0.233"/>
  <system-out/>
</testsuite> <!-- testcases.Tc4_clickSignin -->
